0 info it worked if it ends with ok
1 verbose cli [ '/usr/bin/nodejs', '/usr/bin/npm', 'run', 'dev' ]
2 info using npm@1.4.21
3 info using node@v0.10.29
4 verbose run-script [ 'predev', 'dev', 'postdev' ]
5 info predev react-tutorials@0.0.0
6 info dev react-tutorials@0.0.0
7 verbose unsafe-perm in lifecycle true
8 info react-tutorials@0.0.0 Failed to exec dev script
9 error react-tutorials@0.0.0 dev: `webpack-dev-server --content-base src --inline --hot --host 192.168.0.105 --port 8080`
9 error Exit status 8
10 error Failed at the react-tutorials@0.0.0 dev script.
10 error This is most likely a problem with the react-tutorials package,
10 error not with npm itself.
10 error Tell the author that this fails on your system:
10 error     webpack-dev-server --content-base src --inline --hot --host 192.168.0.105 --port 8080
10 error You can get their info via:
10 error     npm owner ls react-tutorials
10 error There is likely additional logging output above.
11 error System Linux 3.16.0-4-amd64
12 error command "/usr/bin/nodejs" "/usr/bin/npm" "run" "dev"
13 error cwd /mnt/raid/home/mrio/dev/react_demo
14 error node -v v0.10.29
15 error npm -v 1.4.21
16 error code ELIFECYCLE
17 verbose exit [ 1, true ]
